CLIENT_HANDSHAKE_TRAFFIC_SECRET 8C31C88A69C887DEE135B38DD1D2E55FE5063BBF96FC8A4B27969207938EA075 7473CB0D64BFDADFD31684669B21CA714F42867D25FE203E2D244D0B5811568C
SERVER_HANDSHAKE_TRAFFIC_SECRET 8C31C88A69C887DEE135B38DD1D2E55FE5063BBF96FC8A4B27969207938EA075 6FCB747160E73DB5F3B268094B01BF400A9F240A7957722A230F2338AD6D7299
SERVER_TRAFFIC_SECRET_0 8C31C88A69C887DEE135B38DD1D2E55FE5063BBF96FC8A4B27969207938EA075 A09843D405629B6E5FFB04286FF4232099E1DE8E67AD2712011E3D0951E0118D
CLIENT_TRAFFIC_SECRET_0 8C31C88A69C887DEE135B38DD1D2E55FE5063BBF96FC8A4B27969207938EA075 14F48120E9D08D7C9999CBBC4FDB2360A75228C55AB7A70E346B0C5B24FFE7C8
CLIENT_HANDSHAKE_TRAFFIC_SECRET E7ED38337290A2E4BBACEA2168370D76B17B63DFB7FCB02F57FDCBD4E4AA7CC7 98E80769D1D40C52C7DB85DF43C7E1A38CE19F184733BEEF7CE910200B946705
SERVER_HANDSHAKE_TRAFFIC_SECRET E7ED38337290A2E4BBACEA2168370D76B17B63DFB7FCB02F57FDCBD4E4AA7CC7 6FBB4121916052BB852601780B99A1467A2EB2CBB1B444B1225AFCC8EB71D45F
SERVER_TRAFFIC_SECRET_0 E7ED38337290A2E4BBACEA2168370D76B17B63DFB7FCB02F57FDCBD4E4AA7CC7 D65A55E51CB61D7B0FF3F6A88A24378872955F99BD32F5922E09E702D08FE393
CLIENT_TRAFFIC_SECRET_0 E7ED38337290A2E4BBACEA2168370D76B17B63DFB7FCB02F57FDCBD4E4AA7CC7 B9166B7F5B344B894094E4A92A9B0BFE09FDDDB8BDCF4EABC2FB1F3183C75168
CLIENT_HANDSHAKE_TRAFFIC_SECRET A2926895B3397DFBF430B9AB26D6F1F77FFA15E77C3FE1CAE359B8EE3573F0AF 10359FE1D5BFB54DFEABCAB6D967A8536CC03210DFEC7F19F1976582F1A52D2B
SERVER_HANDSHAKE_TRAFFIC_SECRET A2926895B3397DFBF430B9AB26D6F1F77FFA15E77C3FE1CAE359B8EE3573F0AF D92269E8F84FB8FE2AED7644ED6A086B2046EA9D41AFBA2DBD228A26250F974D
SERVER_TRAFFIC_SECRET_0 A2926895B3397DFBF430B9AB26D6F1F77FFA15E77C3FE1CAE359B8EE3573F0AF 95C4D65B907F2F6D2ED099C39B2E84AB430B6D60E5FE79692984395CF9F79ED6
CLIENT_TRAFFIC_SECRET_0 A2926895B3397DFBF430B9AB26D6F1F77FFA15E77C3FE1CAE359B8EE3573F0AF C6BD4BC55E355124C13DE82DB8EE3E32A5F1AF63A54E726ECDD127B4C519DD57
CLIENT_HANDSHAKE_TRAFFIC_SECRET 78AF8EDD7375BE2E53A478FC129956D108A81DD5D3D3E3C4B201B3CCA61E0F15 85C3D7D88274764E023AF44D30C16DC27212028F30361F5E7DF7F359AB106C7A
SERVER_HANDSHAKE_TRAFFIC_SECRET 78AF8EDD7375BE2E53A478FC129956D108A81DD5D3D3E3C4B201B3CCA61E0F15 73D8ADC0581E796D3F89A4C3173C61707EAE2EBA7725171137BB0FC047122EF7
SERVER_TRAFFIC_SECRET_0 78AF8EDD7375BE2E53A478FC129956D108A81DD5D3D3E3C4B201B3CCA61E0F15 A61958AE15C24CB0EFD9DCE97F724F514D26AC645D718410C3FEA65143CD2CB0
CLIENT_TRAFFIC_SECRET_0 78AF8EDD7375BE2E53A478FC129956D108A81DD5D3D3E3C4B201B3CCA61E0F15 B2FEC5BCCE544731859D00494B63D94593F6474111A65AA1BBFCF898CB17471A
CLIENT_HANDSHAKE_TRAFFIC_SECRET D9B2BF4B6E6CA1812493DD607CD7E49C7F47616ACF03200729F394EED8BC97F9 CD7D77542BA856FDEF6A080C2F3442974A04CC441D4BC60DB7D571890874BEE9
SERVER_HANDSHAKE_TRAFFIC_SECRET D9B2BF4B6E6CA1812493DD607CD7E49C7F47616ACF03200729F394EED8BC97F9 F2D77763D8DF5B589FFDC2ACDB0F07830C44B6D61983FEE3BC6F87859951EB43
SERVER_TRAFFIC_SECRET_0 D9B2BF4B6E6CA1812493DD607CD7E49C7F47616ACF03200729F394EED8BC97F9 F67514CCF20EDDE94734DF3FEEF073FB0043DAD9D0D0B93B49B4A73F1A562503
CLIENT_TRAFFIC_SECRET_0 D9B2BF4B6E6CA1812493DD607CD7E49C7F47616ACF03200729F394EED8BC97F9 96215F21A4BF46D169268F704DFA8458BC866A7002C3E0B543A8E1FE88036E11
CLIENT_HANDSHAKE_TRAFFIC_SECRET C7D60D0F4B9A6DCEEA5A5CC320EA9D0E020C908A5C9FEA941D3E00BF68FEBB85 0293813C45A47DFE3673E65DA67CB97205E6E74DBA6D0656B19A9DDFDE779F60
SERVER_HANDSHAKE_TRAFFIC_SECRET C7D60D0F4B9A6DCEEA5A5CC320EA9D0E020C908A5C9FEA941D3E00BF68FEBB85 22A7A995192EFEF7CA393EF14CA6C5796F8A57453C2841271BAB2453BFA319F2
SERVER_TRAFFIC_SECRET_0 C7D60D0F4B9A6DCEEA5A5CC320EA9D0E020C908A5C9FEA941D3E00BF68FEBB85 7D40854D004D4121DA94AD141FD984B70D6FC20E1E9C9DC94E5199048BEA7026
CLIENT_TRAFFIC_SECRET_0 C7D60D0F4B9A6DCEEA5A5CC320EA9D0E020C908A5C9FEA941D3E00BF68FEBB85 D2CA2D22E13C16BD064FE9C0436F664A02AC3B3427C83C3A5174BD60E862DD94
CLIENT_HANDSHAKE_TRAFFIC_SECRET 6E11301BC2DA960E3759A12E84BFEC9BFF0081EAC1C33A7089052DDF38D71C0E FB0EAF5BC30939A2DEAC7BC66277C7FCFA64CFA8A9BCA27B6A09330582140CAF
SERVER_HANDSHAKE_TRAFFIC_SECRET 6E11301BC2DA960E3759A12E84BFEC9BFF0081EAC1C33A7089052DDF38D71C0E 71EB218F876013C91CA347CE37F5AAF0D95D6E67AD15F7959FBD0BE59D029AB2
SERVER_TRAFFIC_SECRET_0 6E11301BC2DA960E3759A12E84BFEC9BFF0081EAC1C33A7089052DDF38D71C0E AA7356E2F9AD971D1D9114032FD56981270CB31C9C09FE2D89BEEAEE40814643
CLIENT_TRAFFIC_SECRET_0 6E11301BC2DA960E3759A12E84BFEC9BFF0081EAC1C33A7089052DDF38D71C0E 1AD8254F791470CC670D1AD1D8B66F9151B52F918A94C48F5AD265E73FE97C3B
CLIENT_HANDSHAKE_TRAFFIC_SECRET 67D07397ED8D9291FBBE7E0B366D43246FC91B28972F578298436CAB29E2C888 E6A8E3C16DD88B9CE366A583C5F1C92F3FDB90466D21861377796D40DB682432
SERVER_HANDSHAKE_TRAFFIC_SECRET 67D07397ED8D9291FBBE7E0B366D43246FC91B28972F578298436CAB29E2C888 FABEB49E104A83E9506FD5B05B685D44686F486FF8D6F31C59EAD628B6B5FF19
SERVER_TRAFFIC_SECRET_0 67D07397ED8D9291FBBE7E0B366D43246FC91B28972F578298436CAB29E2C888 958F206EA711CC02DE7CCD5F02911FFE09D915DB7FA0F5FA7E1EE7CA1802CDAF
CLIENT_TRAFFIC_SECRET_0 67D07397ED8D9291FBBE7E0B366D43246FC91B28972F578298436CAB29E2C888 C73529C5945CA4BAEF8D80EFED8F74A2EA4C422BF20B3BA1B259E6D94E8F1388
CLIENT_HANDSHAKE_TRAFFIC_SECRET 964D09E5A2AE5E08045BF71ADEBFB287A568A50F6145414A5BDAE09F6A473864 4E089426154EB64C0D693D2FF21A664709B5B0E5DC27ABB559585F9DCFE351FE
SERVER_HANDSHAKE_TRAFFIC_SECRET 964D09E5A2AE5E08045BF71ADEBFB287A568A50F6145414A5BDAE09F6A473864 905A05DE51A62B94369E8F9FE7BCCBB93AD5C232BF71C12852B2A7A22E1FF5E4
SERVER_TRAFFIC_SECRET_0 964D09E5A2AE5E08045BF71ADEBFB287A568A50F6145414A5BDAE09F6A473864 F54FA177675FB21BFD0EEACE9CF1B9D05FF366C141CCFE332FAF08242E996E19
CLIENT_TRAFFIC_SECRET_0 964D09E5A2AE5E08045BF71ADEBFB287A568A50F6145414A5BDAE09F6A473864 C3CB3593AC7A4C6C141B31DD0364C6FFEC256EE8CAA343EDC4797293C59EC843
CLIENT_HANDSHAKE_TRAFFIC_SECRET C506A7BF53E28AA50D2FE319735D80ED3EFCD1AEBCEB41523ADD6836D07E9E04 061089B8A179EE919D9AC0BF3DEAAB718F6C930C47EB61A6BAC5A9470FEC6ECE
SERVER_HANDSHAKE_TRAFFIC_SECRET C506A7BF53E28AA50D2FE319735D80ED3EFCD1AEBCEB41523ADD6836D07E9E04 73D29DBD792E66E725690032C6C549CD6AD6F900175FE22F9E568E2047E6D269
SERVER_TRAFFIC_SECRET_0 C506A7BF53E28AA50D2FE319735D80ED3EFCD1AEBCEB41523ADD6836D07E9E04 BE1D4E5E93DF7E7E1A51D9AFABB0CB6152B0EA6FD0E305EFD3F29D776D19EEDE
CLIENT_TRAFFIC_SECRET_0 C506A7BF53E28AA50D2FE319735D80ED3EFCD1AEBCEB41523ADD6836D07E9E04 D0E3445E2D9876DAF71707B04EC35D14371FF0D498CF351DBB9D6811B16BA50A
CLIENT_HANDSHAKE_TRAFFIC_SECRET 33017009E56AFF1B4DED94FF4EB80B749CBE656B5A1185763AF69BC5807A4CFF AE79007E2379DF001B0BBDF17FC0DCAEFA7809AF033177FED563440E1763D800
SERVER_HANDSHAKE_TRAFFIC_SECRET 33017009E56AFF1B4DED94FF4EB80B749CBE656B5A1185763AF69BC5807A4CFF B0E139D2A03EB3138D1B9E1C7B8306AD027EF6926FFF2EDF961E136E8FB18584
SERVER_TRAFFIC_SECRET_0 33017009E56AFF1B4DED94FF4EB80B749CBE656B5A1185763AF69BC5807A4CFF 6429A0FA999B6BB4F19C21401CAD104A6233E57C0B7B2B555C4E7795CD3EEFC2
CLIENT_TRAFFIC_SECRET_0 33017009E56AFF1B4DED94FF4EB80B749CBE656B5A1185763AF69BC5807A4CFF 72FFBFC2EBE4A771E9E18FC21E8D50EF9A05578001EA53023E9BE96B347A81BC
CLIENT_HANDSHAKE_TRAFFIC_SECRET B4F186CB868F4F17323BAD4D245E7A1240173472794A127289D3C3107EE128C0 DA3A339AC943A0DEDB9B088390EEC1F9B68F9F9BA1074933C6482E72BE5CF9A6
SERVER_HANDSHAKE_TRAFFIC_SECRET B4F186CB868F4F17323BAD4D245E7A1240173472794A127289D3C3107EE128C0 9DD7E124EB453A5DAD23C51E9A6D7BCD6505EE88EAEAB270D2148B883CBC7928
SERVER_TRAFFIC_SECRET_0 B4F186CB868F4F17323BAD4D245E7A1240173472794A127289D3C3107EE128C0 0824D7794D54E294BD71DA1E4C386AB4972BA919098AF7B00C2318CEBF81FD5E
CLIENT_TRAFFIC_SECRET_0 B4F186CB868F4F17323BAD4D245E7A1240173472794A127289D3C3107EE128C0 6D2F88D9BAEDA4977B516D331003DE5499F1F7EE331DEFBBDE876C6AD16C24A5
CLIENT_HANDSHAKE_TRAFFIC_SECRET CAA449D856EFB16D6E861E67FC640F7AA91A019A32A53C48ACCD534F6F9B7342 3D0E90FCE512DDA41DF81356D0A56FC9616F53F8287F643DF867A604AED2E9EE
SERVER_HANDSHAKE_TRAFFIC_SECRET CAA449D856EFB16D6E861E67FC640F7AA91A019A32A53C48ACCD534F6F9B7342 2B65AECBFC9F61E5BF749DED0A9BBC012FD8A34E61FCBB658B5C681095A52644
SERVER_TRAFFIC_SECRET_0 CAA449D856EFB16D6E861E67FC640F7AA91A019A32A53C48ACCD534F6F9B7342 36FF879699C4AD2C6EE560361ADF33EA413F5DEC7B5DF1DE2FED2C9D3E331720
CLIENT_TRAFFIC_SECRET_0 CAA449D856EFB16D6E861E67FC640F7AA91A019A32A53C48ACCD534F6F9B7342 59FF6F2ECDB3F19D0FE3155EE3E2B5680FE067BE4C230651290D945317421C3A
